2024-09-17 22:59:17,545 - receipt_reader/SainsburysReceipt.py - INFO - Receipt File Type is <class 'werkzeug.datastructures.file_storage.FileStorage'>
2024-09-17 22:59:17,671 - receipts/routes.py - INFO - Received valid receipt.
2024-09-17 22:59:17,676 - receipts/routes.py - INFO - Fetching receipt information in group with ID: 1
2024-09-17 22:59:17,679 - receipts/routes.py - INFO - Sending JSON result to frontend {'receipts': [{'receipt_id': 869874627, 'slot_time': datetime.datetime(2024, 4, 2, 13, 0), 'total_price': Decimal('75.65'), 'payment_card': 9101}]}
2024-09-17 22:59:17,685 - receipts/routes.py - INFO - Fetching item data for receipt ID: 869874627
2024-09-17 22:59:17,688 - receipts/routes.py - INFO - Queried and gathered receipt data to send
2024-09-17 22:59:17,697 - receipts/routes.py - INFO - [(1, 1, 0.662, 0.1), (1, 2, 0.0, 1), (1, 3, 0.0, 1), (1, 4, 0.0, 1), (1, 5, 0.0, 0), (1, 6, 0.0, 0), (1, 7, 0.0, 0), (1, 8, 0.0, 0), (1, 9, 0.0, 0), (1, 10, 0.0, 0), (1, 11, 0.0, 0), (1, 12, 0.0, 0), (1, 13, 0.0, 0), (1, 14, 0.0, 0), (1, 15, 0.0, 0), (1, 16, 0.0, 0), (1, 17, 0.0, 0), (1, 18, 0.0, 0), (1, 19, 0.0, 0), (1, 20, 0.0, 0), (1, 21, 0.0, 0), (1, 22, 0.0, 0), (1, 23, 0.0, 0), (1, 24, 0.0, 0), (1, 25, 0.0, 0), (1, 26, 0.0, 0), (1, 27, 0.0, 0)]
2024-09-17 22:59:17,698 - receipts/routes.py - INFO - {'user_item_association': [{'user_id': 1, 'item_id': 1, 'quantity': 0.1, 'weight': 0.662}, {'user_id': 1, 'item_id': 2, 'quantity': 1, 'weight': 0.0}, {'user_id': 1, 'item_id': 3, 'quantity': 1, 'weight': 0.0}, {'user_id': 1, 'item_id': 4, 'quantity': 1, 'weight': 0.0}, {'user_id': 1, 'item_id': 5, 'quantity': 0, 'weight': 0.0}, {'user_id': 1, 'item_id': 6, 'quantity': 0, 'weight': 0.0}, {'user_id': 1, 'item_id': 7, 'quantity': 0, 'weight': 0.0}, {'user_id': 1, 'item_id': 8, 'quantity': 0, 'weight': 0.0}, {'user_id': 1, 'item_id': 9, 'quantity': 0, 'weight': 0.0}, {'user_id': 1, 'item_id': 10, 'quantity': 0, 'weight': 0.0}, {'user_id': 1, 'item_id': 11, 'quantity': 0, 'weight': 0.0}, {'user_id': 1, 'item_id': 12, 'quantity': 0, 'weight': 0.0}, {'user_id': 1, 'item_id': 13, 'quantity': 0, 'weight': 0.0}, {'user_id': 1, 'item_id': 14, 'quantity': 0, 'weight': 0.0}, {'user_id': 1, 'item_id': 15, 'quantity': 0, 'weight': 0.0}, {'user_id': 1, 'item_id': 16, 'quantity': 0, 'weight': 0.0}, {'user_id': 1, 'item_id': 17, 'quantity': 0, 'weight': 0.0}, {'user_id': 1, 'item_id': 18, 'quantity': 0, 'weight': 0.0}, {'user_id': 1, 'item_id': 19, 'quantity': 0, 'weight': 0.0}, {'user_id': 1, 'item_id': 20, 'quantity': 0, 'weight': 0.0}, {'user_id': 1, 'item_id': 21, 'quantity': 0, 'weight': 0.0}, {'user_id': 1, 'item_id': 22, 'quantity': 0, 'weight': 0.0}, {'user_id': 1, 'item_id': 23, 'quantity': 0, 'weight': 0.0}, {'user_id': 1, 'item_id': 24, 'quantity': 0, 'weight': 0.0}, {'user_id': 1, 'item_id': 25, 'quantity': 0, 'weight': 0.0}, {'user_id': 1, 'item_id': 26, 'quantity': 0, 'weight': 0.0}, {'user_id': 1, 'item_id': 27, 'quantity': 0, 'weight': 0.0}]}
2024-09-17 23:01:27,955 - receipts/routes.py - INFO - Fetching receipt information in group with ID: 1
2024-09-17 23:01:27,959 - receipts/routes.py - INFO - Sending JSON result to frontend {'receipts': [{'receipt_id': 869874627, 'slot_time': datetime.datetime(2024, 4, 2, 13, 0), 'total_price': Decimal('75.65'), 'payment_card': 9101}]}
2024-09-17 23:01:28,025 - receipt_reader/SainsburysReceipt.py - INFO - Receipt File Type is <class 'werkzeug.datastructures.file_storage.FileStorage'>
2024-09-17 23:01:28,160 - receipts/routes.py - INFO - Received valid receipt.
2024-09-17 23:01:28,178 - receipts/routes.py - INFO - Fetching receipt information in group with ID: 1
2024-09-17 23:01:28,180 - receipts/routes.py - INFO - Sending JSON result to frontend {'receipts': [{'receipt_id': 869874627, 'slot_time': datetime.datetime(2024, 4, 2, 13, 0), 'total_price': Decimal('75.65'), 'payment_card': 9101}]}
2024-09-17 23:01:28,193 - receipts/routes.py - INFO - Fetching item data for receipt ID: 869874627
2024-09-17 23:01:28,197 - receipts/routes.py - INFO - Queried and gathered receipt data to send
2024-09-17 23:01:42,810 - receipt_reader/SainsburysReceipt.py - INFO - Receipt File Type is <class 'werkzeug.datastructures.file_storage.FileStorage'>
2024-09-17 23:01:43,018 - receipts/routes.py - INFO - Received valid receipt.
2024-09-17 23:01:43,024 - receipts/routes.py - INFO - Fetching receipt information in group with ID: 1
2024-09-17 23:01:43,026 - receipts/routes.py - INFO - Sending JSON result to frontend {'receipts': [{'receipt_id': 869874627, 'slot_time': datetime.datetime(2024, 4, 2, 13, 0), 'total_price': Decimal('75.65'), 'payment_card': 9101}]}
2024-09-17 23:01:43,031 - receipts/routes.py - INFO - Fetching item data for receipt ID: 869874627
2024-09-17 23:01:43,033 - receipts/routes.py - INFO - Queried and gathered receipt data to send
2024-09-17 23:01:44,254 - receipts/routes.py - INFO - Fetching receipt information in group with ID: 1
2024-09-17 23:01:44,256 - receipts/routes.py - INFO - Sending JSON result to frontend {'receipts': [{'receipt_id': 869874627, 'slot_time': datetime.datetime(2024, 4, 2, 13, 0), 'total_price': Decimal('75.65'), 'payment_card': 9101}]}
2024-09-17 23:01:44,263 - receipts/routes.py - INFO - Fetching item data for receipt ID: 869874627
2024-09-17 23:01:44,266 - receipts/routes.py - INFO - Queried and gathered receipt data to send
2024-09-17 23:02:14,824 - receipt_reader/SainsburysReceipt.py - INFO - Receipt File Type is <class 'werkzeug.datastructures.file_storage.FileStorage'>
2024-09-17 23:02:15,005 - receipts/routes.py - INFO - Received valid receipt.
2024-09-17 23:02:15,025 - receipts/routes.py - INFO - Fetching receipt information in group with ID: 1
2024-09-17 23:02:15,029 - receipts/routes.py - INFO - Sending JSON result to frontend {'receipts': [{'receipt_id': 874409134, 'slot_time': datetime.datetime(2024, 4, 4, 13, 0), 'total_price': Decimal('105.64'), 'payment_card': 9101}, {'receipt_id': 869874627, 'slot_time': datetime.datetime(2024, 4, 2, 13, 0), 'total_price': Decimal('75.65'), 'payment_card': 9101}]}
2024-09-17 23:02:15,036 - receipts/routes.py - INFO - Fetching item data for receipt ID: 874409134
2024-09-17 23:02:15,042 - receipts/routes.py - INFO - Queried and gathered receipt data to send
2024-09-17 23:02:16,660 - receipts/routes.py - INFO - Fetching receipt information in group with ID: 1
2024-09-17 23:02:16,665 - receipts/routes.py - INFO - Sending JSON result to frontend {'receipts': [{'receipt_id': 874409134, 'slot_time': datetime.datetime(2024, 4, 4, 13, 0), 'total_price': Decimal('105.64'), 'payment_card': 9101}, {'receipt_id': 869874627, 'slot_time': datetime.datetime(2024, 4, 2, 13, 0), 'total_price': Decimal('75.65'), 'payment_card': 9101}]}
2024-09-17 23:02:16,671 - receipts/routes.py - INFO - Fetching item data for receipt ID: 874409134
2024-09-17 23:02:16,675 - receipts/routes.py - INFO - Queried and gathered receipt data to send
2024-09-17 23:02:19,040 - receipts/routes.py - INFO - Fetching receipt information in group with ID: 1
2024-09-17 23:02:19,042 - receipts/routes.py - INFO - Sending JSON result to frontend {'receipts': [{'receipt_id': 874409134, 'slot_time': datetime.datetime(2024, 4, 4, 13, 0), 'total_price': Decimal('105.64'), 'payment_card': 9101}, {'receipt_id': 869874627, 'slot_time': datetime.datetime(2024, 4, 2, 13, 0), 'total_price': Decimal('75.65'), 'payment_card': 9101}]}
2024-09-17 23:02:19,055 - receipts/routes.py - INFO - Fetching item data for receipt ID: 869874627
2024-09-17 23:02:19,059 - receipts/routes.py - INFO - Queried and gathered receipt data to send
2024-09-17 23:02:20,114 - receipts/routes.py - INFO - Fetching receipt information in group with ID: 1
2024-09-17 23:02:20,118 - receipts/routes.py - INFO - Sending JSON result to frontend {'receipts': [{'receipt_id': 874409134, 'slot_time': datetime.datetime(2024, 4, 4, 13, 0), 'total_price': Decimal('105.64'), 'payment_card': 9101}, {'receipt_id': 869874627, 'slot_time': datetime.datetime(2024, 4, 2, 13, 0), 'total_price': Decimal('75.65'), 'payment_card': 9101}]}
2024-09-17 23:02:20,138 - receipts/routes.py - INFO - Fetching item data for receipt ID: 874409134
2024-09-17 23:02:20,142 - receipts/routes.py - INFO - Queried and gathered receipt data to send
2024-09-17 23:03:12,370 - receipts/routes.py - INFO - Fetching receipt information in group with ID: 1
2024-09-17 23:03:12,373 - receipts/routes.py - INFO - Sending JSON result to frontend {'receipts': [{'receipt_id': 874409134, 'slot_time': datetime.datetime(2024, 4, 4, 13, 0), 'total_price': Decimal('105.64'), 'payment_card': 9101}, {'receipt_id': 869874627, 'slot_time': datetime.datetime(2024, 4, 2, 13, 0), 'total_price': Decimal('75.65'), 'payment_card': 9101}]}
2024-09-17 23:03:12,380 - receipts/routes.py - INFO - Fetching item data for receipt ID: 874409134
2024-09-17 23:03:12,382 - receipts/routes.py - INFO - Queried and gathered receipt data to send
2024-09-17 23:03:12,847 - receipts/routes.py - INFO - Fetching receipt information in group with ID: 1
2024-09-17 23:03:12,849 - receipts/routes.py - INFO - Sending JSON result to frontend {'receipts': [{'receipt_id': 874409134, 'slot_time': datetime.datetime(2024, 4, 4, 13, 0), 'total_price': Decimal('105.64'), 'payment_card': 9101}, {'receipt_id': 869874627, 'slot_time': datetime.datetime(2024, 4, 2, 13, 0), 'total_price': Decimal('75.65'), 'payment_card': 9101}]}
2024-09-17 23:03:12,855 - receipts/routes.py - INFO - Fetching item data for receipt ID: 874409134
2024-09-17 23:03:12,863 - receipts/routes.py - INFO - Queried and gathered receipt data to send
2024-09-17 23:03:18,833 - receipts/routes.py - INFO - Fetching receipt information in group with ID: 1
2024-09-17 23:03:18,836 - receipts/routes.py - INFO - Sending JSON result to frontend {'receipts': [{'receipt_id': 874409134, 'slot_time': datetime.datetime(2024, 4, 4, 13, 0), 'total_price': Decimal('105.64'), 'payment_card': 9101}, {'receipt_id': 869874627, 'slot_time': datetime.datetime(2024, 4, 2, 13, 0), 'total_price': Decimal('75.65'), 'payment_card': 9101}]}
2024-09-17 23:03:18,857 - receipts/routes.py - INFO - Fetching item data for receipt ID: 874409134
2024-09-17 23:03:18,864 - receipts/routes.py - INFO - Queried and gathered receipt data to send
2024-09-17 23:03:21,494 - receipts/routes.py - INFO - Fetching receipt information in group with ID: 1
2024-09-17 23:03:21,495 - receipts/routes.py - INFO - Sending JSON result to frontend {'receipts': [{'receipt_id': 874409134, 'slot_time': datetime.datetime(2024, 4, 4, 13, 0), 'total_price': Decimal('105.64'), 'payment_card': 9101}, {'receipt_id': 869874627, 'slot_time': datetime.datetime(2024, 4, 2, 13, 0), 'total_price': Decimal('75.65'), 'payment_card': 9101}]}
2024-09-17 23:03:21,506 - receipts/routes.py - INFO - Fetching item data for receipt ID: 869874627
2024-09-17 23:03:21,510 - receipts/routes.py - INFO - Queried and gathered receipt data to send
2024-09-17 23:03:23,070 - receipts/routes.py - INFO - Fetching receipt information in group with ID: 1
2024-09-17 23:03:23,073 - receipts/routes.py - INFO - Sending JSON result to frontend {'receipts': [{'receipt_id': 874409134, 'slot_time': datetime.datetime(2024, 4, 4, 13, 0), 'total_price': Decimal('105.64'), 'payment_card': 9101}, {'receipt_id': 869874627, 'slot_time': datetime.datetime(2024, 4, 2, 13, 0), 'total_price': Decimal('75.65'), 'payment_card': 9101}]}
2024-09-17 23:03:23,083 - receipts/routes.py - INFO - Fetching item data for receipt ID: 869874627
2024-09-17 23:03:23,087 - receipts/routes.py - INFO - Queried and gathered receipt data to send
2024-09-17 23:03:24,121 - receipts/routes.py - INFO - Fetching receipt information in group with ID: 1
2024-09-17 23:03:24,123 - receipts/routes.py - INFO - Sending JSON result to frontend {'receipts': [{'receipt_id': 874409134, 'slot_time': datetime.datetime(2024, 4, 4, 13, 0), 'total_price': Decimal('105.64'), 'payment_card': 9101}, {'receipt_id': 869874627, 'slot_time': datetime.datetime(2024, 4, 2, 13, 0), 'total_price': Decimal('75.65'), 'payment_card': 9101}]}
2024-09-17 23:03:24,131 - receipts/routes.py - INFO - Fetching item data for receipt ID: 874409134
2024-09-17 23:03:24,132 - receipts/routes.py - INFO - Queried and gathered receipt data to send
2024-09-17 23:04:07,289 - receipts/routes.py - INFO - Fetching receipt information in group with ID: 1
2024-09-17 23:04:07,294 - receipts/routes.py - INFO - Sending JSON result to frontend {'receipts': [{'receipt_id': 874409134, 'slot_time': datetime.datetime(2024, 4, 4, 13, 0), 'total_price': Decimal('105.64'), 'payment_card': 9101}, {'receipt_id': 869874627, 'slot_time': datetime.datetime(2024, 4, 2, 13, 0), 'total_price': Decimal('75.65'), 'payment_card': 9101}]}
2024-09-17 23:04:07,312 - receipts/routes.py - INFO - Fetching item data for receipt ID: 874409134
2024-09-17 23:04:07,319 - receipts/routes.py - INFO - Queried and gathered receipt data to send
2024-09-17 23:04:32,975 - receipts/routes.py - INFO - Fetching receipt information in group with ID: 1
2024-09-17 23:04:32,977 - receipts/routes.py - INFO - Sending JSON result to frontend {'receipts': [{'receipt_id': 874409134, 'slot_time': datetime.datetime(2024, 4, 4, 13, 0), 'total_price': Decimal('105.64'), 'payment_card': 9101}, {'receipt_id': 869874627, 'slot_time': datetime.datetime(2024, 4, 2, 13, 0), 'total_price': Decimal('75.65'), 'payment_card': 9101}]}
2024-09-17 23:04:32,984 - receipts/routes.py - INFO - Fetching item data for receipt ID: 874409134
2024-09-17 23:04:32,986 - receipts/routes.py - INFO - Queried and gathered receipt data to send
2024-09-17 23:09:58,120 - receipts/routes.py - INFO - Fetching receipt information in group with ID: 1
2024-09-17 23:09:58,123 - receipts/routes.py - INFO - Sending JSON result to frontend {'receipts': [{'receipt_id': 874409134, 'slot_time': datetime.datetime(2024, 4, 4, 13, 0), 'total_price': Decimal('105.64'), 'payment_card': 9101}, {'receipt_id': 869874627, 'slot_time': datetime.datetime(2024, 4, 2, 13, 0), 'total_price': Decimal('75.65'), 'payment_card': 9101}]}
2024-09-17 23:09:58,129 - receipts/routes.py - INFO - Fetching item data for receipt ID: 874409134
2024-09-17 23:09:58,133 - receipts/routes.py - INFO - Queried and gathered receipt data to send
2024-09-17 23:10:47,818 - receipts/routes.py - INFO - Fetching receipt information in group with ID: 1
2024-09-17 23:10:47,823 - receipts/routes.py - INFO - Sending JSON result to frontend {'receipts': [{'receipt_id': 874409134, 'slot_time': datetime.datetime(2024, 4, 4, 13, 0), 'total_price': Decimal('105.64'), 'payment_card': 9101}, {'receipt_id': 869874627, 'slot_time': datetime.datetime(2024, 4, 2, 13, 0), 'total_price': Decimal('75.65'), 'payment_card': 9101}]}
2024-09-17 23:10:47,832 - receipts/routes.py - INFO - Fetching item data for receipt ID: 874409134
2024-09-17 23:10:47,837 - receipts/routes.py - INFO - Queried and gathered receipt data to send
2024-09-17 23:11:11,356 - receipts/routes.py - INFO - Fetching receipt information in group with ID: 1
2024-09-17 23:11:11,361 - receipts/routes.py - INFO - Sending JSON result to frontend {'receipts': [{'receipt_id': 874409134, 'slot_time': datetime.datetime(2024, 4, 4, 13, 0), 'total_price': Decimal('105.64'), 'payment_card': 9101}, {'receipt_id': 869874627, 'slot_time': datetime.datetime(2024, 4, 2, 13, 0), 'total_price': Decimal('75.65'), 'payment_card': 9101}]}
2024-09-17 23:11:11,369 - receipts/routes.py - INFO - Fetching item data for receipt ID: 874409134
2024-09-17 23:11:11,373 - receipts/routes.py - INFO - Queried and gathered receipt data to send
2024-09-17 23:11:25,591 - receipts/routes.py - INFO - Fetching receipt information in group with ID: 1
2024-09-17 23:11:25,598 - receipts/routes.py - INFO - Sending JSON result to frontend {'receipts': [{'receipt_id': 874409134, 'slot_time': datetime.datetime(2024, 4, 4, 13, 0), 'total_price': Decimal('105.64'), 'payment_card': 9101}, {'receipt_id': 869874627, 'slot_time': datetime.datetime(2024, 4, 2, 13, 0), 'total_price': Decimal('75.65'), 'payment_card': 9101}]}
2024-09-17 23:11:25,609 - receipts/routes.py - INFO - Fetching item data for receipt ID: 874409134
2024-09-17 23:11:25,615 - receipts/routes.py - INFO - Queried and gathered receipt data to send
2024-09-17 23:12:25,782 - receipts/routes.py - INFO - Fetching receipt information in group with ID: 1
2024-09-17 23:12:25,788 - receipts/routes.py - INFO - Sending JSON result to frontend {'receipts': [{'receipt_id': 874409134, 'slot_time': datetime.datetime(2024, 4, 4, 13, 0), 'total_price': Decimal('105.64'), 'payment_card': 9101}, {'receipt_id': 869874627, 'slot_time': datetime.datetime(2024, 4, 2, 13, 0), 'total_price': Decimal('75.65'), 'payment_card': 9101}]}
2024-09-17 23:12:25,797 - receipts/routes.py - INFO - Fetching item data for receipt ID: 874409134
2024-09-17 23:12:25,801 - receipts/routes.py - INFO - Queried and gathered receipt data to send
2024-09-17 23:13:38,305 - receipts/routes.py - INFO - Fetching receipt information in group with ID: 1
2024-09-17 23:13:38,310 - receipts/routes.py - INFO - Sending JSON result to frontend {'receipts': [{'receipt_id': 874409134, 'slot_time': datetime.datetime(2024, 4, 4, 13, 0), 'total_price': Decimal('105.64'), 'payment_card': 9101}, {'receipt_id': 869874627, 'slot_time': datetime.datetime(2024, 4, 2, 13, 0), 'total_price': Decimal('75.65'), 'payment_card': 9101}]}
2024-09-17 23:13:38,318 - receipts/routes.py - INFO - Fetching item data for receipt ID: 874409134
2024-09-17 23:13:38,323 - receipts/routes.py - INFO - Queried and gathered receipt data to send
2024-09-17 23:13:40,704 - receipts/routes.py - INFO - Fetching receipt information in group with ID: 1
2024-09-17 23:13:40,707 - receipts/routes.py - INFO - Sending JSON result to frontend {'receipts': [{'receipt_id': 874409134, 'slot_time': datetime.datetime(2024, 4, 4, 13, 0), 'total_price': Decimal('105.64'), 'payment_card': 9101}, {'receipt_id': 869874627, 'slot_time': datetime.datetime(2024, 4, 2, 13, 0), 'total_price': Decimal('75.65'), 'payment_card': 9101}]}
2024-09-17 23:13:40,716 - receipts/routes.py - INFO - Fetching item data for receipt ID: 869874627
2024-09-17 23:13:40,721 - receipts/routes.py - INFO - Queried and gathered receipt data to send
2024-09-17 23:14:23,180 - receipts/routes.py - INFO - Fetching receipt information in group with ID: 1
2024-09-17 23:14:23,183 - receipts/routes.py - INFO - Sending JSON result to frontend {'receipts': [{'receipt_id': 874409134, 'slot_time': datetime.datetime(2024, 4, 4, 13, 0), 'total_price': Decimal('105.64'), 'payment_card': 9101}, {'receipt_id': 869874627, 'slot_time': datetime.datetime(2024, 4, 2, 13, 0), 'total_price': Decimal('75.65'), 'payment_card': 9101}]}
2024-09-17 23:14:23,188 - receipts/routes.py - INFO - Fetching item data for receipt ID: 869874627
2024-09-17 23:14:23,192 - receipts/routes.py - INFO - Queried and gathered receipt data to send
2024-09-17 23:16:57,679 - receipts/routes.py - INFO - Fetching receipt information in group with ID: 1
2024-09-17 23:16:57,683 - receipts/routes.py - INFO - Sending JSON result to frontend {'receipts': [{'receipt_id': 874409134, 'slot_time': datetime.datetime(2024, 4, 4, 13, 0), 'total_price': Decimal('105.64'), 'payment_card': 9101}, {'receipt_id': 869874627, 'slot_time': datetime.datetime(2024, 4, 2, 13, 0), 'total_price': Decimal('75.65'), 'payment_card': 9101}]}
2024-09-17 23:16:57,688 - receipts/routes.py - INFO - Fetching item data for receipt ID: 869874627
2024-09-17 23:16:57,691 - receipts/routes.py - INFO - Queried and gathered receipt data to send
2024-09-17 23:17:01,243 - receipts/routes.py - INFO - Fetching receipt information in group with ID: 1
2024-09-17 23:17:01,247 - receipts/routes.py - INFO - Sending JSON result to frontend {'receipts': [{'receipt_id': 874409134, 'slot_time': datetime.datetime(2024, 4, 4, 13, 0), 'total_price': Decimal('105.64'), 'payment_card': 9101}, {'receipt_id': 869874627, 'slot_time': datetime.datetime(2024, 4, 2, 13, 0), 'total_price': Decimal('75.65'), 'payment_card': 9101}]}
2024-09-17 23:17:01,255 - receipts/routes.py - INFO - Fetching item data for receipt ID: 874409134
2024-09-17 23:17:01,259 - receipts/routes.py - INFO - Queried and gathered receipt data to send
2024-09-17 23:17:21,495 - receipts/routes.py - INFO - Fetching receipt information in group with ID: 1
2024-09-17 23:17:21,499 - receipts/routes.py - INFO - Sending JSON result to frontend {'receipts': [{'receipt_id': 874409134, 'slot_time': datetime.datetime(2024, 4, 4, 13, 0), 'total_price': Decimal('105.64'), 'payment_card': 9101}, {'receipt_id': 869874627, 'slot_time': datetime.datetime(2024, 4, 2, 13, 0), 'total_price': Decimal('75.65'), 'payment_card': 9101}]}
2024-09-17 23:17:21,504 - receipts/routes.py - INFO - Fetching item data for receipt ID: 874409134
2024-09-17 23:17:21,507 - receipts/routes.py - INFO - Queried and gathered receipt data to send
2024-09-17 23:18:00,961 - receipts/routes.py - INFO - Fetching receipt information in group with ID: 1
2024-09-17 23:18:00,964 - receipts/routes.py - INFO - Sending JSON result to frontend {'receipts': [{'receipt_id': 874409134, 'slot_time': datetime.datetime(2024, 4, 4, 13, 0), 'total_price': Decimal('105.64'), 'payment_card': 9101}, {'receipt_id': 869874627, 'slot_time': datetime.datetime(2024, 4, 2, 13, 0), 'total_price': Decimal('75.65'), 'payment_card': 9101}]}
2024-09-17 23:18:00,969 - receipts/routes.py - INFO - Fetching item data for receipt ID: 874409134
2024-09-17 23:18:00,973 - receipts/routes.py - INFO - Queried and gathered receipt data to send
2024-09-17 23:18:02,782 - receipts/routes.py - INFO - Fetching receipt information in group with ID: 1
2024-09-17 23:18:02,785 - receipts/routes.py - INFO - Sending JSON result to frontend {'receipts': [{'receipt_id': 874409134, 'slot_time': datetime.datetime(2024, 4, 4, 13, 0), 'total_price': Decimal('105.64'), 'payment_card': 9101}, {'receipt_id': 869874627, 'slot_time': datetime.datetime(2024, 4, 2, 13, 0), 'total_price': Decimal('75.65'), 'payment_card': 9101}]}
2024-09-17 23:18:02,797 - receipts/routes.py - INFO - Fetching item data for receipt ID: 869874627
2024-09-17 23:18:02,800 - receipts/routes.py - INFO - Queried and gathered receipt data to send
2024-09-17 23:18:04,253 - receipts/routes.py - INFO - Fetching receipt information in group with ID: 1
2024-09-17 23:18:04,257 - receipts/routes.py - INFO - Sending JSON result to frontend {'receipts': [{'receipt_id': 874409134, 'slot_time': datetime.datetime(2024, 4, 4, 13, 0), 'total_price': Decimal('105.64'), 'payment_card': 9101}, {'receipt_id': 869874627, 'slot_time': datetime.datetime(2024, 4, 2, 13, 0), 'total_price': Decimal('75.65'), 'payment_card': 9101}]}
2024-09-17 23:18:04,276 - receipts/routes.py - INFO - Fetching item data for receipt ID: 874409134
2024-09-17 23:18:04,282 - receipts/routes.py - INFO - Queried and gathered receipt data to send
2024-09-17 23:18:08,490 - receipts/routes.py - INFO - Fetching receipt information in group with ID: 1
2024-09-17 23:18:08,494 - receipts/routes.py - INFO - Sending JSON result to frontend {'receipts': [{'receipt_id': 874409134, 'slot_time': datetime.datetime(2024, 4, 4, 13, 0), 'total_price': Decimal('105.64'), 'payment_card': 9101}, {'receipt_id': 869874627, 'slot_time': datetime.datetime(2024, 4, 2, 13, 0), 'total_price': Decimal('75.65'), 'payment_card': 9101}]}
2024-09-17 23:18:08,515 - receipts/routes.py - INFO - Fetching item data for receipt ID: 874409134
2024-09-17 23:18:08,521 - receipts/routes.py - INFO - Queried and gathered receipt data to send
2024-09-17 23:18:09,050 - receipts/routes.py - INFO - Fetching receipt information in group with ID: 1
2024-09-17 23:18:09,053 - receipts/routes.py - INFO - Sending JSON result to frontend {'receipts': [{'receipt_id': 874409134, 'slot_time': datetime.datetime(2024, 4, 4, 13, 0), 'total_price': Decimal('105.64'), 'payment_card': 9101}, {'receipt_id': 869874627, 'slot_time': datetime.datetime(2024, 4, 2, 13, 0), 'total_price': Decimal('75.65'), 'payment_card': 9101}]}
2024-09-17 23:18:09,063 - receipts/routes.py - INFO - Fetching item data for receipt ID: 874409134
2024-09-17 23:18:09,068 - receipts/routes.py - INFO - Queried and gathered receipt data to send
2024-09-17 23:18:43,129 - receipts/routes.py - INFO - Fetching receipt information in group with ID: 1
2024-09-17 23:18:43,131 - receipts/routes.py - INFO - Sending JSON result to frontend {'receipts': [{'receipt_id': 874409134, 'slot_time': datetime.datetime(2024, 4, 4, 13, 0), 'total_price': Decimal('105.64'), 'payment_card': 9101}, {'receipt_id': 869874627, 'slot_time': datetime.datetime(2024, 4, 2, 13, 0), 'total_price': Decimal('75.65'), 'payment_card': 9101}]}
2024-09-17 23:18:43,139 - receipts/routes.py - INFO - Fetching item data for receipt ID: 869874627
2024-09-17 23:18:43,142 - receipts/routes.py - INFO - Queried and gathered receipt data to send
2024-09-17 23:18:44,584 - receipts/routes.py - INFO - Fetching receipt information in group with ID: 1
2024-09-17 23:18:44,585 - receipts/routes.py - INFO - Sending JSON result to frontend {'receipts': [{'receipt_id': 874409134, 'slot_time': datetime.datetime(2024, 4, 4, 13, 0), 'total_price': Decimal('105.64'), 'payment_card': 9101}, {'receipt_id': 869874627, 'slot_time': datetime.datetime(2024, 4, 2, 13, 0), 'total_price': Decimal('75.65'), 'payment_card': 9101}]}
2024-09-17 23:18:44,592 - receipts/routes.py - INFO - Fetching item data for receipt ID: 874409134
2024-09-17 23:18:44,593 - receipts/routes.py - INFO - Queried and gathered receipt data to send
2024-09-17 23:20:00,307 - receipts/routes.py - INFO - Fetching receipt information in group with ID: 1
2024-09-17 23:20:00,311 - receipts/routes.py - INFO - Sending JSON result to frontend {'receipts': [{'receipt_id': 874409134, 'slot_time': datetime.datetime(2024, 4, 4, 13, 0), 'total_price': Decimal('105.64'), 'payment_card': 9101}, {'receipt_id': 869874627, 'slot_time': datetime.datetime(2024, 4, 2, 13, 0), 'total_price': Decimal('75.65'), 'payment_card': 9101}]}
2024-09-17 23:20:00,319 - receipts/routes.py - INFO - Fetching item data for receipt ID: 874409134
2024-09-17 23:20:00,322 - receipts/routes.py - INFO - Queried and gathered receipt data to send
2024-09-17 23:20:00,904 - receipts/routes.py - INFO - Fetching receipt information in group with ID: 1
2024-09-17 23:20:00,910 - receipts/routes.py - INFO - Sending JSON result to frontend {'receipts': [{'receipt_id': 874409134, 'slot_time': datetime.datetime(2024, 4, 4, 13, 0), 'total_price': Decimal('105.64'), 'payment_card': 9101}, {'receipt_id': 869874627, 'slot_time': datetime.datetime(2024, 4, 2, 13, 0), 'total_price': Decimal('75.65'), 'payment_card': 9101}]}
2024-09-17 23:20:00,920 - receipts/routes.py - INFO - Fetching item data for receipt ID: 874409134
2024-09-17 23:20:00,925 - receipts/routes.py - INFO - Queried and gathered receipt data to send
2024-09-17 23:20:01,008 - receipts/routes.py - INFO - Added user ID 1 to receipt ID 874409134
2024-09-17 23:20:01,023 - receipts/routes.py - INFO - Added user ID 1 to receipt ID 874409134
2024-09-17 23:20:01,036 - receipts/routes.py - INFO - Added user ID 1 to receipt ID 874409134
2024-09-17 23:20:01,048 - receipts/routes.py - INFO - Added user ID 1 to receipt ID 874409134
2024-09-17 23:20:01,058 - receipts/routes.py - INFO - Added user ID 1 to receipt ID 874409134
2024-09-17 23:20:01,066 - receipts/routes.py - INFO - Added user ID 1 to receipt ID 874409134
2024-09-17 23:20:01,075 - receipts/routes.py - INFO - Added user ID 1 to receipt ID 874409134
2024-09-17 23:20:01,082 - receipts/routes.py - INFO - Added user ID 1 to receipt ID 874409134
2024-09-17 23:20:01,089 - receipts/routes.py - INFO - Added user ID 1 to receipt ID 874409134
2024-09-17 23:20:01,096 - receipts/routes.py - INFO - Added user ID 1 to receipt ID 874409134
2024-09-17 23:20:01,103 - receipts/routes.py - INFO - Added user ID 1 to receipt ID 874409134
2024-09-17 23:20:01,110 - receipts/routes.py - INFO - Added user ID 1 to receipt ID 874409134
2024-09-17 23:20:01,117 - receipts/routes.py - INFO - Added user ID 1 to receipt ID 874409134
2024-09-17 23:20:01,124 - receipts/routes.py - INFO - Added user ID 1 to receipt ID 874409134
2024-09-17 23:20:01,130 - receipts/routes.py - INFO - Added user ID 1 to receipt ID 874409134
2024-09-17 23:20:01,135 - receipts/routes.py - INFO - Added user ID 1 to receipt ID 874409134
2024-09-17 23:20:01,141 - receipts/routes.py - INFO - Added user ID 1 to receipt ID 874409134
2024-09-17 23:20:01,147 - receipts/routes.py - INFO - Added user ID 1 to receipt ID 874409134
2024-09-17 23:20:01,153 - receipts/routes.py - INFO - Added user ID 1 to receipt ID 874409134
2024-09-17 23:20:01,158 - receipts/routes.py - INFO - Added user ID 1 to receipt ID 874409134
2024-09-17 23:20:01,163 - receipts/routes.py - INFO - Added user ID 1 to receipt ID 874409134
2024-09-17 23:20:01,169 - receipts/routes.py - INFO - Added user ID 1 to receipt ID 874409134
2024-09-17 23:20:01,174 - receipts/routes.py - INFO - Added user ID 1 to receipt ID 874409134
2024-09-17 23:20:01,180 - receipts/routes.py - INFO - Added user ID 1 to receipt ID 874409134
2024-09-17 23:20:01,187 - receipts/routes.py - INFO - Added user ID 1 to receipt ID 874409134
2024-09-17 23:20:01,194 - receipts/routes.py - INFO - Added user ID 1 to receipt ID 874409134
2024-09-17 23:20:01,199 - receipts/routes.py - INFO - Added user ID 1 to receipt ID 874409134
2024-09-17 23:20:01,205 - receipts/routes.py - INFO - Added user ID 1 to receipt ID 874409134
2024-09-17 23:20:01,211 - receipts/routes.py - INFO - Added user ID 1 to receipt ID 874409134
2024-09-17 23:20:01,217 - receipts/routes.py - INFO - Added user ID 1 to receipt ID 874409134
2024-09-17 23:20:01,223 - receipts/routes.py - INFO - Added user ID 1 to receipt ID 874409134
2024-09-17 23:20:01,229 - receipts/routes.py - INFO - Added user ID 1 to receipt ID 874409134
2024-09-17 23:20:01,236 - receipts/routes.py - INFO - Added user ID 1 to receipt ID 874409134
2024-09-17 23:20:01,241 - receipts/routes.py - INFO - Added user ID 1 to receipt ID 874409134
2024-09-17 23:20:01,247 - receipts/routes.py - INFO - Added user ID 1 to receipt ID 874409134
2024-09-17 23:20:01,252 - receipts/routes.py - INFO - Added user ID 1 to receipt ID 874409134
2024-09-17 23:20:08,626 - receipts/routes.py - INFO - Fetching receipt information in group with ID: 1
2024-09-17 23:20:08,627 - receipts/routes.py - INFO - Sending JSON result to frontend {'receipts': [{'receipt_id': 874409134, 'slot_time': datetime.datetime(2024, 4, 4, 13, 0), 'total_price': Decimal('105.64'), 'payment_card': 9101}, {'receipt_id': 869874627, 'slot_time': datetime.datetime(2024, 4, 2, 13, 0), 'total_price': Decimal('75.65'), 'payment_card': 9101}]}
2024-09-17 23:20:08,632 - receipts/routes.py - INFO - Fetching item data for receipt ID: 869874627
2024-09-17 23:20:08,636 - receipts/routes.py - INFO - Queried and gathered receipt data to send
2024-09-17 23:20:09,689 - receipts/routes.py - INFO - Fetching receipt information in group with ID: 1
2024-09-17 23:20:09,691 - receipts/routes.py - INFO - Sending JSON result to frontend {'receipts': [{'receipt_id': 874409134, 'slot_time': datetime.datetime(2024, 4, 4, 13, 0), 'total_price': Decimal('105.64'), 'payment_card': 9101}, {'receipt_id': 869874627, 'slot_time': datetime.datetime(2024, 4, 2, 13, 0), 'total_price': Decimal('75.65'), 'payment_card': 9101}]}
2024-09-17 23:20:09,698 - receipts/routes.py - INFO - Fetching item data for receipt ID: 874409134
2024-09-17 23:20:09,701 - receipts/routes.py - INFO - Queried and gathered receipt data to send
2024-09-17 23:20:43,543 - receipts/routes.py - INFO - Fetching receipt information in group with ID: 1
2024-09-17 23:20:43,547 - receipts/routes.py - INFO - Sending JSON result to frontend {'receipts': [{'receipt_id': 874409134, 'slot_time': datetime.datetime(2024, 4, 4, 13, 0), 'total_price': Decimal('105.64'), 'payment_card': 9101}, {'receipt_id': 869874627, 'slot_time': datetime.datetime(2024, 4, 2, 13, 0), 'total_price': Decimal('75.65'), 'payment_card': 9101}]}
2024-09-17 23:20:43,555 - receipts/routes.py - INFO - Fetching item data for receipt ID: 874409134
2024-09-17 23:20:43,561 - receipts/routes.py - INFO - Queried and gathered receipt data to send
2024-09-17 23:24:28,859 - receipts/routes.py - INFO - Fetching receipt information in group with ID: 1
2024-09-17 23:24:28,866 - receipts/routes.py - INFO - Sending JSON result to frontend {'receipts': [{'receipt_id': 874409134, 'slot_time': datetime.datetime(2024, 4, 4, 13, 0), 'total_price': Decimal('105.64'), 'payment_card': 9101}, {'receipt_id': 869874627, 'slot_time': datetime.datetime(2024, 4, 2, 13, 0), 'total_price': Decimal('75.65'), 'payment_card': 9101}]}
2024-09-17 23:24:28,878 - receipts/routes.py - INFO - Fetching item data for receipt ID: 874409134
2024-09-17 23:24:28,884 - receipts/routes.py - INFO - Queried and gathered receipt data to send
2024-09-17 23:24:44,707 - receipts/routes.py - INFO - Fetching receipt information in group with ID: 1
2024-09-17 23:24:44,715 - receipts/routes.py - INFO - Sending JSON result to frontend {'receipts': [{'receipt_id': 874409134, 'slot_time': datetime.datetime(2024, 4, 4, 13, 0), 'total_price': Decimal('105.64'), 'payment_card': 9101}, {'receipt_id': 869874627, 'slot_time': datetime.datetime(2024, 4, 2, 13, 0), 'total_price': Decimal('75.65'), 'payment_card': 9101}]}
2024-09-17 23:24:44,728 - receipts/routes.py - INFO - Fetching item data for receipt ID: 874409134
2024-09-17 23:24:44,733 - receipts/routes.py - INFO - Queried and gathered receipt data to send
2024-09-17 23:24:59,544 - receipts/routes.py - INFO - Fetching receipt information in group with ID: 1
2024-09-17 23:24:59,546 - receipts/routes.py - INFO - Sending JSON result to frontend {'receipts': [{'receipt_id': 874409134, 'slot_time': datetime.datetime(2024, 4, 4, 13, 0), 'total_price': Decimal('105.64'), 'payment_card': 9101}, {'receipt_id': 869874627, 'slot_time': datetime.datetime(2024, 4, 2, 13, 0), 'total_price': Decimal('75.65'), 'payment_card': 9101}]}
2024-09-17 23:24:59,555 - receipts/routes.py - INFO - Fetching item data for receipt ID: 874409134
2024-09-17 23:24:59,560 - receipts/routes.py - INFO - Queried and gathered receipt data to send
2024-09-17 23:25:01,953 - receipts/routes.py - INFO - Fetching receipt information in group with ID: 1
2024-09-17 23:25:01,959 - receipts/routes.py - INFO - Sending JSON result to frontend {'receipts': [{'receipt_id': 874409134, 'slot_time': datetime.datetime(2024, 4, 4, 13, 0), 'total_price': Decimal('105.64'), 'payment_card': 9101}, {'receipt_id': 869874627, 'slot_time': datetime.datetime(2024, 4, 2, 13, 0), 'total_price': Decimal('75.65'), 'payment_card': 9101}]}
2024-09-17 23:25:01,978 - receipts/routes.py - INFO - Fetching item data for receipt ID: 874409134
2024-09-17 23:25:01,986 - receipts/routes.py - INFO - Queried and gathered receipt data to send
2024-09-17 23:25:02,811 - receipts/routes.py - INFO - Fetching receipt information in group with ID: 1
2024-09-17 23:25:02,813 - receipts/routes.py - INFO - Sending JSON result to frontend {'receipts': [{'receipt_id': 874409134, 'slot_time': datetime.datetime(2024, 4, 4, 13, 0), 'total_price': Decimal('105.64'), 'payment_card': 9101}, {'receipt_id': 869874627, 'slot_time': datetime.datetime(2024, 4, 2, 13, 0), 'total_price': Decimal('75.65'), 'payment_card': 9101}]}
2024-09-17 23:25:02,830 - receipts/routes.py - INFO - Fetching item data for receipt ID: 874409134
2024-09-17 23:25:02,836 - receipts/routes.py - INFO - Queried and gathered receipt data to send
2024-09-17 23:25:03,373 - receipts/routes.py - INFO - Fetching receipt information in group with ID: 1
2024-09-17 23:25:03,374 - receipts/routes.py - INFO - Sending JSON result to frontend {'receipts': [{'receipt_id': 874409134, 'slot_time': datetime.datetime(2024, 4, 4, 13, 0), 'total_price': Decimal('105.64'), 'payment_card': 9101}, {'receipt_id': 869874627, 'slot_time': datetime.datetime(2024, 4, 2, 13, 0), 'total_price': Decimal('75.65'), 'payment_card': 9101}]}
2024-09-17 23:25:03,380 - receipts/routes.py - INFO - Fetching item data for receipt ID: 874409134
2024-09-17 23:25:03,383 - receipts/routes.py - INFO - Queried and gathered receipt data to send
2024-09-17 23:25:04,260 - receipts/routes.py - INFO - Fetching receipt information in group with ID: 1
2024-09-17 23:25:04,262 - receipts/routes.py - INFO - Sending JSON result to frontend {'receipts': [{'receipt_id': 874409134, 'slot_time': datetime.datetime(2024, 4, 4, 13, 0), 'total_price': Decimal('105.64'), 'payment_card': 9101}, {'receipt_id': 869874627, 'slot_time': datetime.datetime(2024, 4, 2, 13, 0), 'total_price': Decimal('75.65'), 'payment_card': 9101}]}
2024-09-17 23:25:04,274 - receipts/routes.py - INFO - Fetching item data for receipt ID: 874409134
2024-09-17 23:25:04,277 - receipts/routes.py - INFO - Queried and gathered receipt data to send
2024-09-17 23:25:38,873 - receipts/routes.py - INFO - Fetching receipt information in group with ID: 1
2024-09-17 23:25:38,877 - receipts/routes.py - INFO - Sending JSON result to frontend {'receipts': [{'receipt_id': 874409134, 'slot_time': datetime.datetime(2024, 4, 4, 13, 0), 'total_price': Decimal('105.64'), 'payment_card': 9101}, {'receipt_id': 869874627, 'slot_time': datetime.datetime(2024, 4, 2, 13, 0), 'total_price': Decimal('75.65'), 'payment_card': 9101}]}
2024-09-17 23:25:38,882 - receipts/routes.py - INFO - Fetching item data for receipt ID: 874409134
2024-09-17 23:25:38,889 - receipts/routes.py - INFO - Queried and gathered receipt data to send
2024-09-17 23:27:26,099 - receipts/routes.py - INFO - Fetching receipt information in group with ID: 1
2024-09-17 23:27:26,104 - receipts/routes.py - INFO - Sending JSON result to frontend {'receipts': [{'receipt_id': 874409134, 'slot_time': datetime.datetime(2024, 4, 4, 13, 0), 'total_price': Decimal('105.64'), 'payment_card': 9101}, {'receipt_id': 869874627, 'slot_time': datetime.datetime(2024, 4, 2, 13, 0), 'total_price': Decimal('75.65'), 'payment_card': 9101}]}
2024-09-17 23:27:26,116 - receipts/routes.py - INFO - Fetching item data for receipt ID: 874409134
2024-09-17 23:27:26,123 - receipts/routes.py - INFO - Queried and gathered receipt data to send
2024-09-17 23:37:52,183 - receipts/routes.py - INFO - Fetching receipt information in group with ID: 1
2024-09-17 23:37:52,187 - receipts/routes.py - INFO - Sending JSON result to frontend {'receipts': [{'receipt_id': 874409134, 'slot_time': datetime.datetime(2024, 4, 4, 13, 0), 'total_price': Decimal('105.64'), 'payment_card': 9101}, {'receipt_id': 869874627, 'slot_time': datetime.datetime(2024, 4, 2, 13, 0), 'total_price': Decimal('75.65'), 'payment_card': 9101}]}
2024-09-17 23:37:52,193 - receipts/routes.py - INFO - Fetching item data for receipt ID: 874409134
2024-09-17 23:37:52,196 - receipts/routes.py - INFO - Queried and gathered receipt data to send
2024-09-17 23:38:00,161 - receipts/routes.py - INFO - Fetching receipt information in group with ID: 1
2024-09-17 23:38:00,164 - receipts/routes.py - INFO - Sending JSON result to frontend {'receipts': [{'receipt_id': 874409134, 'slot_time': datetime.datetime(2024, 4, 4, 13, 0), 'total_price': Decimal('105.64'), 'payment_card': 9101}, {'receipt_id': 869874627, 'slot_time': datetime.datetime(2024, 4, 2, 13, 0), 'total_price': Decimal('75.65'), 'payment_card': 9101}]}
2024-09-17 23:38:00,170 - receipts/routes.py - INFO - Fetching item data for receipt ID: 874409134
2024-09-17 23:38:00,175 - receipts/routes.py - INFO - Queried and gathered receipt data to send
2024-09-18 00:19:19,730 - receipts/routes.py - INFO - Fetching receipt information in group with ID: 1
2024-09-18 00:19:19,743 - receipts/routes.py - INFO - Sending JSON result to frontend {'receipts': [{'receipt_id': 874409134, 'slot_time': datetime.datetime(2024, 4, 4, 13, 0), 'total_price': Decimal('105.64'), 'payment_card': 9101}, {'receipt_id': 869874627, 'slot_time': datetime.datetime(2024, 4, 2, 13, 0), 'total_price': Decimal('75.65'), 'payment_card': 9101}]}
2024-09-18 00:19:19,765 - receipts/routes.py - INFO - Fetching item data for receipt ID: 874409134
2024-09-18 00:19:19,774 - receipts/routes.py - INFO - Queried and gathered receipt data to send
2024-09-18 00:28:25,056 - receipts/routes.py - INFO - Fetching receipt information in group with ID: 1
2024-09-18 00:28:25,061 - receipts/routes.py - INFO - Sending JSON result to frontend {'receipts': [{'receipt_id': 874409134, 'slot_time': datetime.datetime(2024, 4, 4, 13, 0), 'total_price': Decimal('105.64'), 'payment_card': 9101}, {'receipt_id': 869874627, 'slot_time': datetime.datetime(2024, 4, 2, 13, 0), 'total_price': Decimal('75.65'), 'payment_card': 9101}]}
2024-09-18 00:28:25,074 - receipts/routes.py - INFO - Fetching item data for receipt ID: 874409134
2024-09-18 00:28:25,078 - receipts/routes.py - INFO - Queried and gathered receipt data to send
2024-09-18 00:29:15,327 - receipts/routes.py - INFO - Fetching receipt information in group with ID: 1
2024-09-18 00:29:15,335 - receipts/routes.py - INFO - Sending JSON result to frontend {'receipts': [{'receipt_id': 874409134, 'slot_time': datetime.datetime(2024, 4, 4, 13, 0), 'total_price': Decimal('105.64'), 'payment_card': 9101}, {'receipt_id': 869874627, 'slot_time': datetime.datetime(2024, 4, 2, 13, 0), 'total_price': Decimal('75.65'), 'payment_card': 9101}]}
2024-09-18 00:29:15,344 - receipts/routes.py - INFO - Fetching item data for receipt ID: 874409134
2024-09-18 00:29:15,359 - receipts/routes.py - INFO - Queried and gathered receipt data to send
2024-09-18 00:29:41,512 - receipts/routes.py - INFO - Fetching receipt information in group with ID: 1
2024-09-18 00:29:41,519 - receipts/routes.py - INFO - Sending JSON result to frontend {'receipts': [{'receipt_id': 874409134, 'slot_time': datetime.datetime(2024, 4, 4, 13, 0), 'total_price': Decimal('105.64'), 'payment_card': 9101}, {'receipt_id': 869874627, 'slot_time': datetime.datetime(2024, 4, 2, 13, 0), 'total_price': Decimal('75.65'), 'payment_card': 9101}]}
2024-09-18 00:29:41,533 - receipts/routes.py - INFO - Fetching item data for receipt ID: 874409134
2024-09-18 00:29:41,545 - receipts/routes.py - INFO - Queried and gathered receipt data to send
2024-09-18 00:29:43,994 - receipts/routes.py - INFO - Fetching receipt information in group with ID: 1
2024-09-18 00:29:43,999 - receipts/routes.py - INFO - Sending JSON result to frontend {'receipts': [{'receipt_id': 874409134, 'slot_time': datetime.datetime(2024, 4, 4, 13, 0), 'total_price': Decimal('105.64'), 'payment_card': 9101}, {'receipt_id': 869874627, 'slot_time': datetime.datetime(2024, 4, 2, 13, 0), 'total_price': Decimal('75.65'), 'payment_card': 9101}]}
2024-09-18 00:29:44,017 - receipts/routes.py - INFO - Fetching item data for receipt ID: 874409134
2024-09-18 00:29:44,022 - receipts/routes.py - INFO - Queried and gathered receipt data to send
2024-09-18 00:29:48,174 - receipts/routes.py - INFO - Fetching receipt information in group with ID: 1
2024-09-18 00:29:48,181 - receipts/routes.py - INFO - Sending JSON result to frontend {'receipts': [{'receipt_id': 874409134, 'slot_time': datetime.datetime(2024, 4, 4, 13, 0), 'total_price': Decimal('105.64'), 'payment_card': 9101}, {'receipt_id': 869874627, 'slot_time': datetime.datetime(2024, 4, 2, 13, 0), 'total_price': Decimal('75.65'), 'payment_card': 9101}]}
2024-09-18 00:29:48,203 - receipts/routes.py - INFO - Fetching item data for receipt ID: 874409134
2024-09-18 00:29:48,209 - receipts/routes.py - INFO - Queried and gathered receipt data to send
2024-09-18 00:29:49,634 - receipts/routes.py - INFO - Fetching receipt information in group with ID: 1
2024-09-18 00:29:49,640 - receipts/routes.py - INFO - Sending JSON result to frontend {'receipts': [{'receipt_id': 874409134, 'slot_time': datetime.datetime(2024, 4, 4, 13, 0), 'total_price': Decimal('105.64'), 'payment_card': 9101}, {'receipt_id': 869874627, 'slot_time': datetime.datetime(2024, 4, 2, 13, 0), 'total_price': Decimal('75.65'), 'payment_card': 9101}]}
2024-09-18 00:29:49,663 - receipts/routes.py - INFO - Fetching item data for receipt ID: 874409134
2024-09-18 00:29:49,670 - receipts/routes.py - INFO - Queried and gathered receipt data to send
2024-09-18 00:29:52,886 - receipts/routes.py - INFO - Fetching receipt information in group with ID: 1
2024-09-18 00:29:52,893 - receipts/routes.py - INFO - Sending JSON result to frontend {'receipts': [{'receipt_id': 874409134, 'slot_time': datetime.datetime(2024, 4, 4, 13, 0), 'total_price': Decimal('105.64'), 'payment_card': 9101}, {'receipt_id': 869874627, 'slot_time': datetime.datetime(2024, 4, 2, 13, 0), 'total_price': Decimal('75.65'), 'payment_card': 9101}]}
2024-09-18 00:29:52,912 - receipts/routes.py - INFO - Fetching item data for receipt ID: 874409134
2024-09-18 00:29:52,916 - receipts/routes.py - INFO - Queried and gathered receipt data to send
2024-09-18 00:29:54,722 - receipts/routes.py - INFO - Fetching receipt information in group with ID: 1
2024-09-18 00:29:54,729 - receipts/routes.py - INFO - Sending JSON result to frontend {'receipts': [{'receipt_id': 874409134, 'slot_time': datetime.datetime(2024, 4, 4, 13, 0), 'total_price': Decimal('105.64'), 'payment_card': 9101}, {'receipt_id': 869874627, 'slot_time': datetime.datetime(2024, 4, 2, 13, 0), 'total_price': Decimal('75.65'), 'payment_card': 9101}]}
2024-09-18 00:29:54,750 - receipts/routes.py - INFO - Fetching item data for receipt ID: 874409134
2024-09-18 00:29:54,756 - receipts/routes.py - INFO - Queried and gathered receipt data to send
2024-09-18 00:29:56,167 - receipts/routes.py - INFO - Fetching receipt information in group with ID: 2
2024-09-18 00:29:56,168 - receipts/routes.py - INFO - Sending JSON result to frontend {'receipts': []}
2024-09-18 00:30:02,070 - receipt_reader/SainsburysReceipt.py - INFO - Receipt File Type is <class 'werkzeug.datastructures.file_storage.FileStorage'>
2024-09-18 00:30:02,244 - receipts/routes.py - INFO - Fetching receipt information in group with ID: 2
2024-09-18 00:30:02,246 - receipts/routes.py - INFO - Sending JSON result to frontend {'receipts': []}
2024-09-18 00:30:03,394 - receipts/routes.py - INFO - Fetching receipt information in group with ID: 2
2024-09-18 00:30:03,398 - receipts/routes.py - INFO - Sending JSON result to frontend {'receipts': []}
2024-09-18 00:31:11,129 - receipt_reader/SainsburysReceipt.py - INFO - Receipt File Type is <class 'werkzeug.datastructures.file_storage.FileStorage'>
2024-09-18 00:31:11,244 - receipts/routes.py - INFO - Received valid receipt.
2024-09-18 00:31:11,274 - receipts/routes.py - INFO - Fetching receipt information in group with ID: 2
2024-09-18 00:31:11,279 - receipts/routes.py - INFO - Sending JSON result to frontend {'receipts': [{'receipt_id': 866170939, 'slot_time': datetime.datetime(2024, 3, 19, 15, 0), 'total_price': Decimal('50.97'), 'payment_card': 9101}]}
2024-09-18 00:31:11,287 - receipts/routes.py - INFO - Fetching item data for receipt ID: 866170939
2024-09-18 00:31:11,292 - receipts/routes.py - INFO - Queried and gathered receipt data to send
2024-09-18 00:31:13,452 - receipts/routes.py - INFO - Fetching receipt information in group with ID: 2
2024-09-18 00:31:13,454 - receipts/routes.py - INFO - Sending JSON result to frontend {'receipts': [{'receipt_id': 866170939, 'slot_time': datetime.datetime(2024, 3, 19, 15, 0), 'total_price': Decimal('50.97'), 'payment_card': 9101}]}
2024-09-18 00:31:13,460 - receipts/routes.py - INFO - Fetching item data for receipt ID: 866170939
2024-09-18 00:31:13,462 - receipts/routes.py - INFO - Queried and gathered receipt data to send
2024-09-18 00:31:17,405 - receipts/routes.py - INFO - Fetching receipt information in group with ID: 2
2024-09-18 00:31:17,407 - receipts/routes.py - INFO - Sending JSON result to frontend {'receipts': [{'receipt_id': 866170939, 'slot_time': datetime.datetime(2024, 3, 19, 15, 0), 'total_price': Decimal('50.97'), 'payment_card': 9101}]}
2024-09-18 00:31:17,419 - receipts/routes.py - INFO - Fetching item data for receipt ID: 866170939
2024-09-18 00:31:17,422 - receipts/routes.py - INFO - Queried and gathered receipt data to send
2024-09-18 00:31:17,955 - receipts/routes.py - INFO - Fetching receipt information in group with ID: 2
2024-09-18 00:31:17,959 - receipts/routes.py - INFO - Sending JSON result to frontend {'receipts': [{'receipt_id': 866170939, 'slot_time': datetime.datetime(2024, 3, 19, 15, 0), 'total_price': Decimal('50.97'), 'payment_card': 9101}]}
2024-09-18 00:31:17,968 - receipts/routes.py - INFO - Fetching item data for receipt ID: 866170939
2024-09-18 00:31:17,972 - receipts/routes.py - INFO - Queried and gathered receipt data to send
2024-09-18 00:31:18,074 - receipts/routes.py - INFO - Added user ID 2 to receipt ID 866170939
2024-09-18 00:31:18,090 - receipts/routes.py - INFO - Added user ID 2 to receipt ID 866170939
2024-09-18 00:31:18,099 - receipts/routes.py - INFO - Added user ID 2 to receipt ID 866170939
2024-09-18 00:31:18,106 - receipts/routes.py - INFO - Added user ID 2 to receipt ID 866170939
2024-09-18 00:31:18,113 - receipts/routes.py - INFO - Added user ID 2 to receipt ID 866170939
2024-09-18 00:31:18,120 - receipts/routes.py - INFO - Added user ID 2 to receipt ID 866170939
2024-09-18 00:31:18,127 - receipts/routes.py - INFO - Added user ID 2 to receipt ID 866170939
2024-09-18 00:31:18,134 - receipts/routes.py - INFO - Added user ID 2 to receipt ID 866170939
2024-09-18 00:31:18,140 - receipts/routes.py - INFO - Added user ID 2 to receipt ID 866170939
2024-09-18 00:31:18,148 - receipts/routes.py - INFO - Added user ID 2 to receipt ID 866170939
2024-09-18 00:31:18,155 - receipts/routes.py - INFO - Added user ID 2 to receipt ID 866170939
2024-09-18 00:31:18,164 - receipts/routes.py - INFO - Added user ID 2 to receipt ID 866170939
2024-09-18 00:31:18,172 - receipts/routes.py - INFO - Added user ID 2 to receipt ID 866170939
2024-09-18 00:31:18,180 - receipts/routes.py - INFO - Added user ID 2 to receipt ID 866170939
2024-09-18 00:31:18,189 - receipts/routes.py - INFO - Added user ID 2 to receipt ID 866170939
2024-09-18 00:31:18,198 - receipts/routes.py - INFO - Added user ID 2 to receipt ID 866170939
2024-09-18 00:31:18,205 - receipts/routes.py - INFO - Added user ID 2 to receipt ID 866170939
2024-09-18 00:31:18,214 - receipts/routes.py - INFO - Added user ID 2 to receipt ID 866170939
2024-09-18 00:31:18,290 - receipts/routes.py - INFO - Fetching receipt information in group with ID: 2
2024-09-18 00:31:18,294 - receipts/routes.py - INFO - Sending JSON result to frontend {'receipts': [{'receipt_id': 866170939, 'slot_time': datetime.datetime(2024, 3, 19, 15, 0), 'total_price': Decimal('50.97'), 'payment_card': 9101}]}
2024-09-18 00:31:18,311 - receipts/routes.py - INFO - Fetching item data for receipt ID: 866170939
2024-09-18 00:31:18,316 - receipts/routes.py - INFO - Queried and gathered receipt data to send
2024-09-18 00:31:20,941 - receipts/routes.py - INFO - Fetching receipt information in group with ID: 2
2024-09-18 00:31:20,944 - receipts/routes.py - INFO - Sending JSON result to frontend {'receipts': [{'receipt_id': 866170939, 'slot_time': datetime.datetime(2024, 3, 19, 15, 0), 'total_price': Decimal('50.97'), 'payment_card': 9101}]}
2024-09-18 00:31:20,951 - receipts/routes.py - INFO - Fetching item data for receipt ID: 866170939
2024-09-18 00:31:20,954 - receipts/routes.py - INFO - Queried and gathered receipt data to send
2024-09-18 00:31:21,454 - receipts/routes.py - INFO - Fetching receipt information in group with ID: 2
2024-09-18 00:31:21,457 - receipts/routes.py - INFO - Sending JSON result to frontend {'receipts': [{'receipt_id': 866170939, 'slot_time': datetime.datetime(2024, 3, 19, 15, 0), 'total_price': Decimal('50.97'), 'payment_card': 9101}]}
2024-09-18 00:31:21,470 - receipts/routes.py - INFO - Fetching item data for receipt ID: 866170939
2024-09-18 00:31:21,475 - receipts/routes.py - INFO - Queried and gathered receipt data to send
2024-09-18 00:31:21,579 - receipts/routes.py - INFO - Added user ID 1 to receipt ID 866170939
2024-09-18 00:31:21,594 - receipts/routes.py - INFO - Added user ID 1 to receipt ID 866170939
2024-09-18 00:31:21,608 - receipts/routes.py - INFO - Added user ID 1 to receipt ID 866170939
2024-09-18 00:31:21,621 - receipts/routes.py - INFO - Added user ID 1 to receipt ID 866170939
2024-09-18 00:31:21,629 - receipts/routes.py - INFO - Added user ID 1 to receipt ID 866170939
2024-09-18 00:31:21,636 - receipts/routes.py - INFO - Added user ID 1 to receipt ID 866170939
2024-09-18 00:31:21,644 - receipts/routes.py - INFO - Added user ID 1 to receipt ID 866170939
2024-09-18 00:31:21,650 - receipts/routes.py - INFO - Added user ID 1 to receipt ID 866170939
2024-09-18 00:31:21,658 - receipts/routes.py - INFO - Added user ID 1 to receipt ID 866170939
2024-09-18 00:31:21,666 - receipts/routes.py - INFO - Added user ID 1 to receipt ID 866170939
2024-09-18 00:31:21,673 - receipts/routes.py - INFO - Added user ID 1 to receipt ID 866170939
2024-09-18 00:31:21,681 - receipts/routes.py - INFO - Added user ID 1 to receipt ID 866170939
2024-09-18 00:31:21,689 - receipts/routes.py - INFO - Added user ID 1 to receipt ID 866170939
2024-09-18 00:31:21,696 - receipts/routes.py - INFO - Added user ID 1 to receipt ID 866170939
2024-09-18 00:31:21,702 - receipts/routes.py - INFO - Added user ID 1 to receipt ID 866170939
2024-09-18 00:31:21,709 - receipts/routes.py - INFO - Added user ID 1 to receipt ID 866170939
2024-09-18 00:31:21,716 - receipts/routes.py - INFO - Added user ID 1 to receipt ID 866170939
2024-09-18 00:31:21,723 - receipts/routes.py - INFO - Added user ID 1 to receipt ID 866170939
2024-09-18 00:31:21,795 - receipts/routes.py - INFO - Fetching receipt information in group with ID: 2
2024-09-18 00:31:21,801 - receipts/routes.py - INFO - Sending JSON result to frontend {'receipts': [{'receipt_id': 866170939, 'slot_time': datetime.datetime(2024, 3, 19, 15, 0), 'total_price': Decimal('50.97'), 'payment_card': 9101}]}
2024-09-18 00:31:21,816 - receipts/routes.py - INFO - Fetching item data for receipt ID: 866170939
2024-09-18 00:31:21,819 - receipts/routes.py - INFO - Queried and gathered receipt data to send
2024-09-18 00:31:27,361 - receipts/routes.py - INFO - Fetching receipt information in group with ID: 2
2024-09-18 00:31:27,365 - receipts/routes.py - INFO - Sending JSON result to frontend {'receipts': [{'receipt_id': 866170939, 'slot_time': datetime.datetime(2024, 3, 19, 15, 0), 'total_price': Decimal('50.97'), 'payment_card': 9101}]}
2024-09-18 00:31:27,380 - receipts/routes.py - INFO - Fetching item data for receipt ID: 866170939
2024-09-18 00:31:27,384 - receipts/routes.py - INFO - Queried and gathered receipt data to send
2024-09-18 00:31:30,032 - receipts/routes.py - INFO - Fetching receipt information in group with ID: 2
2024-09-18 00:31:30,034 - receipts/routes.py - INFO - Sending JSON result to frontend {'receipts': [{'receipt_id': 866170939, 'slot_time': datetime.datetime(2024, 3, 19, 15, 0), 'total_price': Decimal('50.97'), 'payment_card': 9101}]}
2024-09-18 00:31:30,041 - receipts/routes.py - INFO - Fetching item data for receipt ID: 866170939
2024-09-18 00:31:30,045 - receipts/routes.py - INFO - Queried and gathered receipt data to send
2024-09-18 00:31:32,569 - receipts/routes.py - INFO - Fetching receipt information in group with ID: 2
2024-09-18 00:31:32,571 - receipts/routes.py - INFO - Sending JSON result to frontend {'receipts': [{'receipt_id': 866170939, 'slot_time': datetime.datetime(2024, 3, 19, 15, 0), 'total_price': Decimal('50.97'), 'payment_card': 9101}]}
2024-09-18 00:31:32,581 - receipts/routes.py - INFO - Fetching item data for receipt ID: 866170939
2024-09-18 00:31:32,586 - receipts/routes.py - INFO - Queried and gathered receipt data to send
2024-09-18 00:31:32,638 - receipts/routes.py - INFO - Updating user and item association with: [{'user_id': 2, 'item_id': 64, 'quantity': 0, 'weight': 0}, {'user_id': 2, 'item_id': 65, 'quantity': 0, 'weight': 0}, {'user_id': 2, 'item_id': 66, 'quantity': 0, 'weight': 0}, {'user_id': 2, 'item_id': 67, 'quantity': 0, 'weight': 0}, {'user_id': 2, 'item_id': 68, 'quantity': 0, 'weight': 0}, {'user_id': 2, 'item_id': 69, 'quantity': 0, 'weight': 0}, {'user_id': 2, 'item_id': 70, 'quantity': 0, 'weight': 0}, {'user_id': 2, 'item_id': 71, 'quantity': 0, 'weight': 0}, {'user_id': 2, 'item_id': 72, 'quantity': 0, 'weight': 0}, {'user_id': 2, 'item_id': 73, 'quantity': 0, 'weight': 0}, {'user_id': 2, 'item_id': 74, 'quantity': 0, 'weight': 0}, {'user_id': 2, 'item_id': 75, 'quantity': 0, 'weight': 0}, {'user_id': 2, 'item_id': 76, 'quantity': 0, 'weight': 0}, {'user_id': 2, 'item_id': 77, 'quantity': 0, 'weight': 0}, {'user_id': 2, 'item_id': 78, 'quantity': 0, 'weight': 0}, {'user_id': 2, 'item_id': 79, 'quantity': 0, 'weight': 0}, {'user_id': 2, 'item_id': 80, 'quantity': 0, 'weight': 0}, {'user_id': 2, 'item_id': 81, 'quantity': 0, 'weight': 0}, {'user_id': 1, 'item_id': 64, 'quantity': 0.1, 'weight': 0}, {'user_id': 1, 'item_id': 65, 'quantity': 0.2, 'weight': 0}, {'user_id': 1, 'item_id': 66, 'quantity': 0.0, 'weight': 0}, {'user_id': 1, 'item_id': 67, 'quantity': 0.0, 'weight': 0}, {'user_id': 1, 'item_id': 68, 'quantity': 0.0, 'weight': 0}, {'user_id': 1, 'item_id': 69, 'quantity': 0.0, 'weight': 0}, {'user_id': 1, 'item_id': 70, 'quantity': 0.0, 'weight': 0}, {'user_id': 1, 'item_id': 71, 'quantity': 0.0, 'weight': 0}, {'user_id': 1, 'item_id': 72, 'quantity': 0.0, 'weight': 0}, {'user_id': 1, 'item_id': 73, 'quantity': 0.0, 'weight': 0}, {'user_id': 1, 'item_id': 74, 'quantity': 0.0, 'weight': 0}, {'user_id': 1, 'item_id': 75, 'quantity': 0.0, 'weight': 0}, {'user_id': 1, 'item_id': 76, 'quantity': 0.0, 'weight': 0}, {'user_id': 1, 'item_id': 77, 'quantity': 0.0, 'weight': 0}, {'user_id': 1, 'item_id': 78, 'quantity': 0.0, 'weight': 0}, {'user_id': 1, 'item_id': 79, 'quantity': 0.0, 'weight': 0}, {'user_id': 1, 'item_id': 80, 'quantity': 0.0, 'weight': 0}, {'user_id': 1, 'item_id': 81, 'quantity': 0.0, 'weight': 0}]
2024-09-18 00:31:32,652 - receipts/routes.py - INFO - Updated user_id=2, item_id=64 with quantity=0, weight=0
2024-09-18 00:31:32,660 - receipts/routes.py - INFO - Updated user_id=2, item_id=65 with quantity=0, weight=0
2024-09-18 00:31:32,670 - receipts/routes.py - INFO - Updated user_id=2, item_id=66 with quantity=0, weight=0
2024-09-18 00:31:32,678 - receipts/routes.py - INFO - Updated user_id=2, item_id=67 with quantity=0, weight=0
2024-09-18 00:31:32,685 - receipts/routes.py - INFO - Updated user_id=2, item_id=68 with quantity=0, weight=0
2024-09-18 00:31:32,692 - receipts/routes.py - INFO - Updated user_id=2, item_id=69 with quantity=0, weight=0
2024-09-18 00:31:32,698 - receipts/routes.py - INFO - Updated user_id=2, item_id=70 with quantity=0, weight=0
2024-09-18 00:31:32,704 - receipts/routes.py - INFO - Updated user_id=2, item_id=71 with quantity=0, weight=0
2024-09-18 00:31:32,709 - receipts/routes.py - INFO - Updated user_id=2, item_id=72 with quantity=0, weight=0
2024-09-18 00:31:32,718 - receipts/routes.py - INFO - Updated user_id=2, item_id=73 with quantity=0, weight=0
2024-09-18 00:31:32,725 - receipts/routes.py - INFO - Updated user_id=2, item_id=74 with quantity=0, weight=0
2024-09-18 00:31:32,734 - receipts/routes.py - INFO - Updated user_id=2, item_id=75 with quantity=0, weight=0
2024-09-18 00:31:32,741 - receipts/routes.py - INFO - Updated user_id=2, item_id=76 with quantity=0, weight=0
2024-09-18 00:31:32,746 - receipts/routes.py - INFO - Updated user_id=2, item_id=77 with quantity=0, weight=0
2024-09-18 00:31:32,751 - receipts/routes.py - INFO - Updated user_id=2, item_id=78 with quantity=0, weight=0
2024-09-18 00:31:32,758 - receipts/routes.py - INFO - Updated user_id=2, item_id=79 with quantity=0, weight=0
2024-09-18 00:31:32,764 - receipts/routes.py - INFO - Updated user_id=2, item_id=80 with quantity=0, weight=0
2024-09-18 00:31:32,769 - receipts/routes.py - INFO - Updated user_id=2, item_id=81 with quantity=0, weight=0
2024-09-18 00:31:32,775 - receipts/routes.py - INFO - Updated user_id=1, item_id=64 with quantity=0.1, weight=0
2024-09-18 00:31:32,781 - receipts/routes.py - INFO - Updated user_id=1, item_id=65 with quantity=0.2, weight=0
2024-09-18 00:31:32,787 - receipts/routes.py - INFO - Updated user_id=1, item_id=66 with quantity=0.0, weight=0
2024-09-18 00:31:32,793 - receipts/routes.py - INFO - Updated user_id=1, item_id=67 with quantity=0.0, weight=0
2024-09-18 00:31:32,798 - receipts/routes.py - INFO - Updated user_id=1, item_id=68 with quantity=0.0, weight=0
2024-09-18 00:31:32,803 - receipts/routes.py - INFO - Updated user_id=1, item_id=69 with quantity=0.0, weight=0
2024-09-18 00:31:32,819 - receipts/routes.py - INFO - Updated user_id=1, item_id=70 with quantity=0.0, weight=0
2024-09-18 00:31:32,834 - receipts/routes.py - INFO - Updated user_id=1, item_id=71 with quantity=0.0, weight=0
2024-09-18 00:31:32,847 - receipts/routes.py - INFO - Updated user_id=1, item_id=72 with quantity=0.0, weight=0
2024-09-18 00:31:32,858 - receipts/routes.py - INFO - Updated user_id=1, item_id=73 with quantity=0.0, weight=0
2024-09-18 00:31:32,869 - receipts/routes.py - INFO - Updated user_id=1, item_id=74 with quantity=0.0, weight=0
2024-09-18 00:31:32,879 - receipts/routes.py - INFO - Updated user_id=1, item_id=75 with quantity=0.0, weight=0
2024-09-18 00:31:32,888 - receipts/routes.py - INFO - Updated user_id=1, item_id=76 with quantity=0.0, weight=0
2024-09-18 00:31:32,895 - receipts/routes.py - INFO - Updated user_id=1, item_id=77 with quantity=0.0, weight=0
2024-09-18 00:31:32,901 - receipts/routes.py - INFO - Updated user_id=1, item_id=78 with quantity=0.0, weight=0
2024-09-18 00:31:32,906 - receipts/routes.py - INFO - Updated user_id=1, item_id=79 with quantity=0.0, weight=0
2024-09-18 00:31:32,911 - receipts/routes.py - INFO - Updated user_id=1, item_id=80 with quantity=0.0, weight=0
2024-09-18 00:31:32,917 - receipts/routes.py - INFO - Updated user_id=1, item_id=81 with quantity=0.0, weight=0
